STACK_APR22_TEST3                                                               
STACK_APR22_TEST2                                                               
STACK_APR22_TEST1                                                               
STACK_APR22_BAR                                                                 
STACK_APR22_TES                                                                 
STACK_APR22_TAI                                                                 
STACK_APR22_BOR                                                                 
STACK_APR22_ISO                                                                 
STACK_APR22_HAY                                                                 
STACK_APR22_TOL                                                                 
STACK_APR22_PEL                                                                 
STACK_APR22_IEN                                                                 
STACK_APR22_TEM                                                                 
STACK_APR22_ADE                                                                 
STACK_APR22_AYO                                                                 
STACK_APR22_KIM                                                                 
STACK_APR22_TIM                                                                 
STACK_APR22_KOL                                                                 
STACK_APR22_ODU                                                                 
STACK_APR22_ANO                                                                 
STACK_APR22_NEW                                                                 
STACK_APR22_WAB                                                                 
STACK_APR22_THO                                                                 
